2022-10-04 23:25:27.014 - INFO - 8688 - azureml.train.automl._local_managed_utils.is_docker_installed:356 - Docker is not installed.
2022-10-04 23:25:27.029 - INFO - 8688 - azureml.train.automl.automlconfig._start_execution:229 - Submitting remote.
2022-10-04 23:25:43.547 - INFO - 8688 - azureml.train.automl.run._log_activity:55 - ActivityStarted: GetBestChild
2022-10-04 23:25:43.585 - INFO - 8688 - azureml.train.automl.run._log_activity:55 - ActivityStarted: GetChildren
2022-10-04 23:25:44.063 - INFO - 8688 - azureml.train.automl.run._log_activity:55 - ActivityStarted: GetChildren
2022-10-04 23:25:44.803 - CRITICAL - 8688 - azureml.train.automl.run.log_traceback:227 - Type: ModelMissing
Class: AutoMLException
Message: AutoMLException:
	Message: Could not find a model with valid score for metric 'accuracy'. Please ensure that at least one run was successfully completed with a valid score for the given metric.
	InnerException: None
	ErrorResponse 
{
    "error": {
        "code": "UserError",
        "message": "Could not find a model with valid score for metric 'accuracy'. Please ensure that at least one run was successfully completed with a valid score for the given metric.",
        "target": "metric",
        "inner_error": {
            "code": "NotFound",
            "inner_error": {
                "code": "ModelMissing"
            }
        }
    }
}
Traceback:
  File "telemetry_activity_logger.py", line 58, in _log_activity
    yield
  File "run.py", line 854, in _get_all_automl_child_runs
    raise AutoMLException._with_error(AzureMLError.create(ModelMissing, target="metric", metric=metric))

ExceptionTarget: metric
2022-10-04 23:25:44.803 - INFO - 8688 - azureml.train.automl.run._log_activity:89 - ActivityCompleted: Activity=GetChildren, HowEnded=Failure, Duration=739.91[ms]
2022-10-04 23:25:44.804 - CRITICAL - 8688 - azureml.train.automl.run.log_traceback:227 - Type: ModelMissing
Class: AutoMLException
Message: AutoMLException:
	Message: Could not find a model with valid score for metric 'accuracy'. Please ensure that at least one run was successfully completed with a valid score for the given metric.
	InnerException: None
	ErrorResponse 
{
    "error": {
        "code": "UserError",
        "message": "Could not find a model with valid score for metric 'accuracy'. Please ensure that at least one run was successfully completed with a valid score for the given metric.",
        "target": "metric",
        "inner_error": {
            "code": "NotFound",
            "inner_error": {
                "code": "ModelMissing"
            }
        }
    }
}
Traceback:
  File "telemetry_activity_logger.py", line 58, in _log_activity
    yield
  File "run.py", line 795, in _get_run_internal
    child_runs_and_scores = self._get_all_automl_child_runs(metric)
  File "run.py", line 854, in _get_all_automl_child_runs
    raise AutoMLException._with_error(AzureMLError.create(ModelMissing, target="metric", metric=metric))

ExceptionTarget: metric
2022-10-04 23:25:44.804 - INFO - 8688 - azureml.train.automl.run._log_activity:89 - ActivityCompleted: Activity=GetChildren, HowEnded=Failure, Duration=1219.48[ms]
2022-10-04 23:25:44.805 - CRITICAL - 8688 - azureml.train.automl.run.log_traceback:227 - Type: ModelMissing
Class: AutoMLException
Message: AutoMLException:
	Message: Could not find a model with valid score for metric 'accuracy'. Please ensure that at least one run was successfully completed with a valid score for the given metric.
	InnerException: None
	ErrorResponse 
{
    "error": {
        "code": "UserError",
        "message": "Could not find a model with valid score for metric 'accuracy'. Please ensure that at least one run was successfully completed with a valid score for the given metric.",
        "target": "metric",
        "inner_error": {
            "code": "NotFound",
            "inner_error": {
                "code": "ModelMissing"
            }
        }
    }
}
Traceback:
  File "telemetry_activity_logger.py", line 58, in _log_activity
    yield
  File "run.py", line 639, in _get_best_child_run
    curr_run = self._get_run_internal(iteration, metric, "get_output")
  File "run.py", line 795, in _get_run_internal
    child_runs_and_scores = self._get_all_automl_child_runs(metric)
  File "run.py", line 854, in _get_all_automl_child_runs
    raise AutoMLException._with_error(AzureMLError.create(ModelMissing, target="metric", metric=metric))

ExceptionTarget: metric
2022-10-04 23:25:44.805 - INFO - 8688 - azureml.train.automl.run._log_activity:89 - ActivityCompleted: Activity=GetBestChild, HowEnded=Failure, Duration=1258.49[ms]
2022-10-04 23:25:55.189 - INFO - 8688 - azureml.train.automl._local_managed_utils.is_docker_installed:356 - Docker is not installed.
2022-10-04 23:25:55.196 - INFO - 8688 - azureml.train.automl.automlconfig._start_execution:229 - Submitting remote.
2022-10-04 23:40:23.852 - INFO - 8688 - azureml.train.automl.run._log_activity:55 - ActivityStarted: GetBestChild
2022-10-04 23:40:23.887 - INFO - 8688 - azureml.train.automl.run._log_activity:55 - ActivityStarted: GetChildren
2022-10-04 23:40:24.273 - INFO - 8688 - azureml.train.automl.run._log_activity:55 - ActivityStarted: GetChildren
2022-10-04 23:41:26.875 - INFO - 8688 - azureml.train.automl.run._log_activity:89 - ActivityCompleted: Activity=GetChildren, HowEnded=Success, Duration=62601.78[ms]
2022-10-04 23:41:26.877 - INFO - 8688 - azureml.train.automl.run._log_activity:89 - ActivityCompleted: Activity=GetChildren, HowEnded=Success, Duration=62989.97[ms]
2022-10-04 23:41:27.188 - INFO - 8688 - azureml.train.automl.run._log_activity:89 - ActivityCompleted: Activity=GetBestChild, HowEnded=Success, Duration=63336.01[ms]
2022-10-04 23:49:19.929 - INFO - 10328 - azureml.train.automl._local_managed_utils.is_docker_installed:356 - Docker is not installed.
2022-10-04 23:49:19.942 - INFO - 10328 - azureml.train.automl.automlconfig._start_execution:229 - Submitting remote.
2022-10-04 23:54:25.492 - INFO - 10328 - azureml.train.automl.run._log_activity:55 - ActivityStarted: GetBestChild
2022-10-04 23:54:25.547 - INFO - 10328 - azureml.train.automl.run._log_activity:55 - ActivityStarted: GetChildren
2022-10-04 23:54:25.850 - INFO - 10328 - azureml.train.automl.run._log_activity:55 - ActivityStarted: GetChildren
2022-10-04 23:55:23.874 - INFO - 10328 - azureml.train.automl.run._log_activity:89 - ActivityCompleted: Activity=GetChildren, HowEnded=Success, Duration=58023.34[ms]
2022-10-04 23:55:23.889 - INFO - 10328 - azureml.train.automl.run._log_activity:89 - ActivityCompleted: Activity=GetChildren, HowEnded=Success, Duration=58342.31[ms]
2022-10-04 23:55:24.196 - INFO - 10328 - azureml.train.automl.run._log_activity:89 - ActivityCompleted: Activity=GetBestChild, HowEnded=Success, Duration=58703.54[ms]
