2022-10-04 23:25:27.091 - INFO - 8688 - azureml.train.automl._experiment_drivers.driver_utilities.modify_run_configuration:224 - Package azureml-train-automl missing from dependencies file.
2022-10-04 23:25:27.091 - INFO - 8688 - azureml.train.automl._experiment_drivers.driver_utilities.modify_run_configuration:230 - Using pinned version: azureml-train-automl==1.46.0.*
2022-10-04 23:25:27.091 - INFO - 8688 - azureml.train.automl._experiment_drivers.driver_utilities.modify_run_configuration:224 - Package pandas missing from dependencies file.
2022-10-04 23:25:27.091 - INFO - 8688 - azureml.train.automl._experiment_drivers.driver_utilities.modify_run_configuration:230 - Using pinned version: pandas==1.1.5
2022-10-04 23:25:27.092 - INFO - 8688 - azureml.train.automl._experiment_drivers.driver_utilities.modify_run_configuration:224 - Package psutil missing from dependencies file.
2022-10-04 23:25:27.092 - INFO - 8688 - azureml.train.automl._experiment_drivers.driver_utilities.modify_run_configuration:230 - Using pinned version: psutil>5.0.0,<6.0.0
2022-10-04 23:25:27.092 - INFO - 8688 - azureml.train.automl._experiment_drivers.driver_utilities.modify_run_configuration:224 - Package scikit-learn missing from dependencies file.
2022-10-04 23:25:27.093 - INFO - 8688 - azureml.train.automl._experiment_drivers.driver_utilities.modify_run_configuration:230 - Using pinned version: scikit-learn==0.22.1
2022-10-04 23:25:27.093 - INFO - 8688 - azureml.train.automl._experiment_drivers.driver_utilities.modify_run_configuration:224 - Package numpy missing from dependencies file.
2022-10-04 23:25:27.093 - INFO - 8688 - azureml.train.automl._experiment_drivers.driver_utilities.modify_run_configuration:230 - Using pinned version: numpy~=1.18.0
2022-10-04 23:25:27.093 - INFO - 8688 - azureml.train.automl._experiment_drivers.driver_utilities.modify_run_configuration:224 - Package py-xgboost missing from dependencies file.
2022-10-04 23:25:27.093 - INFO - 8688 - azureml.train.automl._experiment_drivers.driver_utilities.modify_run_configuration:230 - Using pinned version: py-xgboost==1.3.3
2022-10-04 23:25:27.093 - INFO - 8688 - azureml.train.automl._experiment_drivers.driver_utilities.modify_run_configuration:224 - Package inference-schema missing from dependencies file.
2022-10-04 23:25:27.094 - INFO - 8688 - azureml.train.automl._experiment_drivers.driver_utilities.modify_run_configuration:224 - Package fbprophet missing from dependencies file.
2022-10-04 23:25:27.094 - INFO - 8688 - azureml.train.automl._experiment_drivers.driver_utilities.modify_run_configuration:230 - Using pinned version: fbprophet==0.7.1
2022-10-04 23:25:27.094 - INFO - 8688 - azureml.train.automl._experiment_drivers.driver_utilities.modify_run_configuration:224 - Package holidays missing from dependencies file.
2022-10-04 23:25:27.094 - INFO - 8688 - azureml.train.automl._experiment_drivers.driver_utilities.modify_run_configuration:230 - Using pinned version: holidays==0.10.3
2022-10-04 23:25:27.094 - INFO - 8688 - azureml.train.automl._experiment_drivers.driver_utilities.modify_run_configuration:224 - Package joblib missing from dependencies file.
2022-10-04 23:25:27.094 - INFO - 8688 - azureml.train.automl._experiment_drivers.driver_utilities.modify_run_configuration:230 - Using pinned version: joblib==0.14.1
2022-10-04 23:25:27.095 - INFO - 8688 - azureml.train.automl._experiment_drivers.driver_utilities.modify_run_configuration:224 - Package pystan missing from dependencies file.
2022-10-04 23:25:27.095 - INFO - 8688 - azureml.train.automl._experiment_drivers.driver_utilities.modify_run_configuration:230 - Using pinned version: pystan==2.19.1.1
2022-10-04 23:25:27.095 - INFO - 8688 - azureml.train.automl._experiment_drivers.driver_utilities.modify_run_configuration:224 - Package setuptools-git missing from dependencies file.
2022-10-04 23:25:27.095 - INFO - 8688 - azureml.train.automl._experiment_drivers.driver_utilities.modify_run_configuration:224 - Package urllib3 missing from dependencies file.
2022-10-04 23:25:27.095 - INFO - 8688 - azureml.train.automl._experiment_drivers.driver_utilities.modify_run_configuration:234 - Using installed version: urllib3==1.26.4
2022-10-04 23:25:27.096 - INFO - 8688 - azureml.train.automl._experiment_drivers.driver_utilities.modify_run_configuration:224 - Package azure-core missing from dependencies file.
2022-10-04 23:25:27.096 - INFO - 8688 - azureml.train.automl._experiment_drivers.driver_utilities.modify_run_configuration:234 - Using installed version: azure-core==1.25.1
2022-10-04 23:25:27.097 - INFO - 8688 - azureml.automl.core.dataset_utilities._save_datasets_to_json:255 - JSON serialization of input of type <class 'NoneType'> is un-supported.
2022-10-04 23:25:27.097 - INFO - 8688 - azureml.automl.core.dataset_utilities._save_datasets_to_json:255 - JSON serialization of input of type <class 'NoneType'> is un-supported.
2022-10-04 23:25:27.098 - INFO - 8688 - azureml.train.automl._experiment_drivers.driver_utilities.validate_input:124 - Start data validation.
2022-10-04 23:25:28.909 - INFO - 8688 - azureml.train.automl._experiment_drivers.driver_utilities.validate_input:137 - Validation service found the data has no errors.
2022-10-04 23:25:28.909 - INFO - 8688 - azureml.train.automl._experiment_drivers.driver_utilities.create_remote_parent_run:381 - Start creating parent run.
2022-10-04 23:25:29.485 - INFO - 8688 - azureml.train.automl._experiment_drivers.driver_utilities.create_remote_parent_run:401 - [ParentRunID:AutoML_ba2bc546-5c07-46df-a3ec-2ff6e0c8984f] Remote run using input X and y.
2022-10-04 23:25:30.479 - INFO - 8688 - azureml.train.automl._experiment_drivers.driver_utilities.start_remote_run:336 - Starting a snapshot run (snapshot_id : None)
2022-10-04 23:25:55.268 - INFO - 8688 - azureml.train.automl._experiment_drivers.driver_utilities.modify_run_configuration:224 - Package azureml-train-automl missing from dependencies file.
2022-10-04 23:25:55.269 - INFO - 8688 - azureml.train.automl._experiment_drivers.driver_utilities.modify_run_configuration:230 - Using pinned version: azureml-train-automl==1.46.0.*
2022-10-04 23:25:55.270 - INFO - 8688 - azureml.train.automl._experiment_drivers.driver_utilities.modify_run_configuration:224 - Package pandas missing from dependencies file.
2022-10-04 23:25:55.270 - INFO - 8688 - azureml.train.automl._experiment_drivers.driver_utilities.modify_run_configuration:230 - Using pinned version: pandas==1.1.5
2022-10-04 23:25:55.270 - INFO - 8688 - azureml.train.automl._experiment_drivers.driver_utilities.modify_run_configuration:224 - Package psutil missing from dependencies file.
2022-10-04 23:25:55.271 - INFO - 8688 - azureml.train.automl._experiment_drivers.driver_utilities.modify_run_configuration:230 - Using pinned version: psutil>5.0.0,<6.0.0
2022-10-04 23:25:55.271 - INFO - 8688 - azureml.train.automl._experiment_drivers.driver_utilities.modify_run_configuration:224 - Package scikit-learn missing from dependencies file.
2022-10-04 23:25:55.271 - INFO - 8688 - azureml.train.automl._experiment_drivers.driver_utilities.modify_run_configuration:230 - Using pinned version: scikit-learn==0.22.1
2022-10-04 23:25:55.271 - INFO - 8688 - azureml.train.automl._experiment_drivers.driver_utilities.modify_run_configuration:224 - Package numpy missing from dependencies file.
2022-10-04 23:25:55.271 - INFO - 8688 - azureml.train.automl._experiment_drivers.driver_utilities.modify_run_configuration:230 - Using pinned version: numpy~=1.18.0
2022-10-04 23:25:55.271 - INFO - 8688 - azureml.train.automl._experiment_drivers.driver_utilities.modify_run_configuration:224 - Package py-xgboost missing from dependencies file.
2022-10-04 23:25:55.271 - INFO - 8688 - azureml.train.automl._experiment_drivers.driver_utilities.modify_run_configuration:230 - Using pinned version: py-xgboost==1.3.3
2022-10-04 23:25:55.272 - INFO - 8688 - azureml.train.automl._experiment_drivers.driver_utilities.modify_run_configuration:224 - Package inference-schema missing from dependencies file.
2022-10-04 23:25:55.272 - INFO - 8688 - azureml.train.automl._experiment_drivers.driver_utilities.modify_run_configuration:224 - Package fbprophet missing from dependencies file.
2022-10-04 23:25:55.272 - INFO - 8688 - azureml.train.automl._experiment_drivers.driver_utilities.modify_run_configuration:230 - Using pinned version: fbprophet==0.7.1
2022-10-04 23:25:55.272 - INFO - 8688 - azureml.train.automl._experiment_drivers.driver_utilities.modify_run_configuration:224 - Package holidays missing from dependencies file.
2022-10-04 23:25:55.272 - INFO - 8688 - azureml.train.automl._experiment_drivers.driver_utilities.modify_run_configuration:230 - Using pinned version: holidays==0.10.3
2022-10-04 23:25:55.273 - INFO - 8688 - azureml.train.automl._experiment_drivers.driver_utilities.modify_run_configuration:224 - Package joblib missing from dependencies file.
2022-10-04 23:25:55.273 - INFO - 8688 - azureml.train.automl._experiment_drivers.driver_utilities.modify_run_configuration:230 - Using pinned version: joblib==0.14.1
2022-10-04 23:25:55.273 - INFO - 8688 - azureml.train.automl._experiment_drivers.driver_utilities.modify_run_configuration:224 - Package pystan missing from dependencies file.
2022-10-04 23:25:55.273 - INFO - 8688 - azureml.train.automl._experiment_drivers.driver_utilities.modify_run_configuration:230 - Using pinned version: pystan==2.19.1.1
2022-10-04 23:25:55.273 - INFO - 8688 - azureml.train.automl._experiment_drivers.driver_utilities.modify_run_configuration:224 - Package setuptools-git missing from dependencies file.
2022-10-04 23:25:55.273 - INFO - 8688 - azureml.train.automl._experiment_drivers.driver_utilities.modify_run_configuration:224 - Package urllib3 missing from dependencies file.
2022-10-04 23:25:55.274 - INFO - 8688 - azureml.train.automl._experiment_drivers.driver_utilities.modify_run_configuration:234 - Using installed version: urllib3==1.26.4
2022-10-04 23:25:55.274 - INFO - 8688 - azureml.train.automl._experiment_drivers.driver_utilities.modify_run_configuration:224 - Package azure-core missing from dependencies file.
2022-10-04 23:25:55.274 - INFO - 8688 - azureml.train.automl._experiment_drivers.driver_utilities.modify_run_configuration:234 - Using installed version: azure-core==1.25.1
2022-10-04 23:25:55.276 - INFO - 8688 - azureml.automl.core.dataset_utilities._save_datasets_to_json:255 - JSON serialization of input of type <class 'NoneType'> is un-supported.
2022-10-04 23:25:55.288 - INFO - 8688 - azureml.automl.core.dataset_utilities._save_datasets_to_json:255 - JSON serialization of input of type <class 'NoneType'> is un-supported.
2022-10-04 23:25:55.289 - INFO - 8688 - azureml.train.automl._experiment_drivers.driver_utilities.validate_input:124 - Start data validation.
2022-10-04 23:25:56.457 - INFO - 8688 - azureml.train.automl._experiment_drivers.driver_utilities.validate_input:137 - Validation service found the data has no errors.
2022-10-04 23:25:56.458 - INFO - 8688 - azureml.train.automl._experiment_drivers.driver_utilities.create_remote_parent_run:381 - Start creating parent run.
2022-10-04 23:25:56.832 - INFO - 8688 - azureml.train.automl._experiment_drivers.driver_utilities.create_remote_parent_run:401 - [ParentRunID:AutoML_b215da59-42c3-4f43-a6eb-623b2db857c9] Remote run using input X and y.
2022-10-04 23:25:57.088 - INFO - 8688 - azureml.train.automl._experiment_drivers.driver_utilities.start_remote_run:336 - Starting a snapshot run (snapshot_id : None)
2022-10-04 23:49:19.989 - INFO - 10328 - azureml.train.automl._experiment_drivers.driver_utilities.modify_run_configuration:224 - Package azureml-train-automl missing from dependencies file.
2022-10-04 23:49:19.990 - INFO - 10328 - azureml.train.automl._experiment_drivers.driver_utilities.modify_run_configuration:230 - Using pinned version: azureml-train-automl==1.46.0.*
2022-10-04 23:49:19.990 - INFO - 10328 - azureml.train.automl._experiment_drivers.driver_utilities.modify_run_configuration:224 - Package pandas missing from dependencies file.
2022-10-04 23:49:19.990 - INFO - 10328 - azureml.train.automl._experiment_drivers.driver_utilities.modify_run_configuration:230 - Using pinned version: pandas==1.1.5
2022-10-04 23:49:19.990 - INFO - 10328 - azureml.train.automl._experiment_drivers.driver_utilities.modify_run_configuration:224 - Package psutil missing from dependencies file.
2022-10-04 23:49:19.991 - INFO - 10328 - azureml.train.automl._experiment_drivers.driver_utilities.modify_run_configuration:230 - Using pinned version: psutil>5.0.0,<6.0.0
2022-10-04 23:49:19.991 - INFO - 10328 - azureml.train.automl._experiment_drivers.driver_utilities.modify_run_configuration:224 - Package scikit-learn missing from dependencies file.
2022-10-04 23:49:19.991 - INFO - 10328 - azureml.train.automl._experiment_drivers.driver_utilities.modify_run_configuration:230 - Using pinned version: scikit-learn==0.22.1
2022-10-04 23:49:19.991 - INFO - 10328 - azureml.train.automl._experiment_drivers.driver_utilities.modify_run_configuration:224 - Package numpy missing from dependencies file.
2022-10-04 23:49:19.991 - INFO - 10328 - azureml.train.automl._experiment_drivers.driver_utilities.modify_run_configuration:230 - Using pinned version: numpy~=1.18.0
2022-10-04 23:49:19.991 - INFO - 10328 - azureml.train.automl._experiment_drivers.driver_utilities.modify_run_configuration:224 - Package py-xgboost missing from dependencies file.
2022-10-04 23:49:19.992 - INFO - 10328 - azureml.train.automl._experiment_drivers.driver_utilities.modify_run_configuration:230 - Using pinned version: py-xgboost==1.3.3
2022-10-04 23:49:19.992 - INFO - 10328 - azureml.train.automl._experiment_drivers.driver_utilities.modify_run_configuration:224 - Package inference-schema missing from dependencies file.
2022-10-04 23:49:19.992 - INFO - 10328 - azureml.train.automl._experiment_drivers.driver_utilities.modify_run_configuration:224 - Package fbprophet missing from dependencies file.
2022-10-04 23:49:19.992 - INFO - 10328 - azureml.train.automl._experiment_drivers.driver_utilities.modify_run_configuration:230 - Using pinned version: fbprophet==0.7.1
2022-10-04 23:49:19.992 - INFO - 10328 - azureml.train.automl._experiment_drivers.driver_utilities.modify_run_configuration:224 - Package holidays missing from dependencies file.
2022-10-04 23:49:19.992 - INFO - 10328 - azureml.train.automl._experiment_drivers.driver_utilities.modify_run_configuration:230 - Using pinned version: holidays==0.10.3
2022-10-04 23:49:19.993 - INFO - 10328 - azureml.train.automl._experiment_drivers.driver_utilities.modify_run_configuration:224 - Package joblib missing from dependencies file.
2022-10-04 23:49:19.993 - INFO - 10328 - azureml.train.automl._experiment_drivers.driver_utilities.modify_run_configuration:230 - Using pinned version: joblib==0.14.1
2022-10-04 23:49:19.993 - INFO - 10328 - azureml.train.automl._experiment_drivers.driver_utilities.modify_run_configuration:224 - Package pystan missing from dependencies file.
2022-10-04 23:49:19.993 - INFO - 10328 - azureml.train.automl._experiment_drivers.driver_utilities.modify_run_configuration:230 - Using pinned version: pystan==2.19.1.1
2022-10-04 23:49:19.993 - INFO - 10328 - azureml.train.automl._experiment_drivers.driver_utilities.modify_run_configuration:224 - Package setuptools-git missing from dependencies file.
2022-10-04 23:49:19.993 - INFO - 10328 - azureml.train.automl._experiment_drivers.driver_utilities.modify_run_configuration:224 - Package urllib3 missing from dependencies file.
2022-10-04 23:49:19.994 - INFO - 10328 - azureml.train.automl._experiment_drivers.driver_utilities.modify_run_configuration:234 - Using installed version: urllib3==1.26.4
2022-10-04 23:49:19.995 - INFO - 10328 - azureml.train.automl._experiment_drivers.driver_utilities.modify_run_configuration:224 - Package azure-core missing from dependencies file.
2022-10-04 23:49:19.995 - INFO - 10328 - azureml.train.automl._experiment_drivers.driver_utilities.modify_run_configuration:234 - Using installed version: azure-core==1.25.1
2022-10-04 23:49:19.996 - INFO - 10328 - azureml.automl.core.dataset_utilities._save_datasets_to_json:255 - JSON serialization of input of type <class 'NoneType'> is un-supported.
2022-10-04 23:49:19.997 - INFO - 10328 - azureml.automl.core.dataset_utilities._save_datasets_to_json:255 - JSON serialization of input of type <class 'NoneType'> is un-supported.
2022-10-04 23:49:19.997 - INFO - 10328 - azureml.train.automl._experiment_drivers.driver_utilities.validate_input:124 - Start data validation.
2022-10-04 23:49:22.625 - INFO - 10328 - azureml.train.automl._experiment_drivers.driver_utilities.validate_input:137 - Validation service found the data has no errors.
2022-10-04 23:49:22.626 - INFO - 10328 - azureml.train.automl._experiment_drivers.driver_utilities.create_remote_parent_run:381 - Start creating parent run.
2022-10-04 23:49:23.134 - INFO - 10328 - azureml.train.automl._experiment_drivers.driver_utilities.create_remote_parent_run:401 - [ParentRunID:AutoML_f04761f1-d26c-4036-a234-30f51f932e1b] Remote run using input X and y.
2022-10-04 23:49:23.798 - INFO - 10328 - azureml.train.automl._experiment_drivers.driver_utilities.start_remote_run:336 - Starting a snapshot run (snapshot_id : None)
